<?xml version="1.0" encoding="UTF-8"?>
<testsuite xmlns:xsi="http://www.w3.org/2001/XMLSchema-instance" xsi:noNamespaceSchemaLocation="https://maven.apache.org/surefire/maven-surefire-plugin/xsd/surefire-test-report-3.0.xsd" version="3.0" name="com.cst323.NASAApiTest" time="1.122" tests="1" errors="0" skipped="0" failures="0">
  <properties>
    <property name="java.specification.version" value="21"/>
    <property name="sun.cpu.isalist" value="amd64"/>
    <property name="sun.jnu.encoding" value="Cp1252"/>
    <property name="java.class.path" value="C:\Users\danie\Documents\Milestone-CST323\Milestone-MarsRoverWebApp\target\test-classes;C:\Users\danie\Documents\Milestone-CST323\Milestone-MarsRoverWebApp\target\classes;C:\Users\danie\.m2\repository\org\springframework\boot\spring-boot-starter-data-jpa\3.1.5\spring-boot-starter-data-jpa-3.1.5.jar;C:\Users\danie\.m2\repository\org\springframework\boot\spring-boot-starter-aop\3.1.5\spring-boot-starter-aop-3.1.5.jar;C:\Users\danie\.m2\repository\org\springframework\spring-aop\6.0.13\spring-aop-6.0.13.jar;C:\Users\danie\.m2\repository\org\aspectj\aspectjweaver\1.9.20\aspectjweaver-1.9.20.jar;C:\Users\danie\.m2\repository\org\springframework\boot\spring-boot-starter-jdbc\3.1.5\spring-boot-starter-jdbc-3.1.5.jar;C:\Users\danie\.m2\repository\com\zaxxer\HikariCP\5.0.1\HikariCP-5.0.1.jar;C:\Users\danie\.m2\repository\org\springframework\spring-jdbc\6.0.13\spring-jdbc-6.0.13.jar;C:\Users\danie\.m2\repository\org\hibernate\orm\hibernate-core\6.2.13.Final\hibernate-core-6.2.13.Final.jar;C:\Users\danie\.m2\repository\jakarta\persistence\jakarta.persistence-api\3.1.0\jakarta.persistence-api-3.1.0.jar;C:\Users\danie\.m2\repository\jakarta\transaction\jakarta.transaction-api\2.0.1\jakarta.transaction-api-2.0.1.jar;C:\Users\danie\.m2\repository\org\jboss\logging\jboss-logging\3.5.3.Final\jboss-logging-3.5.3.Final.jar;C:\Users\danie\.m2\repository\org\hibernate\common\hibernate-commons-annotations\6.0.6.Final\hibernate-commons-annotations-6.0.6.Final.jar;C:\Users\danie\.m2\repository\io\smallrye\jandex\3.0.5\jandex-3.0.5.jar;C:\Users\danie\.m2\repository\com\fasterxml\classmate\1.5.1\classmate-1.5.1.jar;C:\Users\danie\.m2\repository\net\bytebuddy\byte-buddy\1.14.9\byte-buddy-1.14.9.jar;C:\Users\danie\.m2\repository\org\glassfish\jaxb\jaxb-runtime\4.0.3\jaxb-runtime-4.0.3.jar;C:\Users\danie\.m2\repository\org\glassfish\jaxb\jaxb-core\4.0.3\jaxb-core-4.0.3.jar;C:\Users\danie\.m2\repository\org\eclipse\angus\angus-activation\2.0.1\angus-activation-2.0.1.jar;C:\Users\danie\.m2\repository\org\glassfish\jaxb\txw2\4.0.3\txw2-4.0.3.jar;C:\Users\danie\.m2\repository\com\sun\istack\istack-commons-runtime\4.1.2\istack-commons-runtime-4.1.2.jar;C:\Users\danie\.m2\repository\jakarta\inject\jakarta.inject-api\2.0.1\jakarta.inject-api-2.0.1.jar;C:\Users\danie\.m2\repository\org\antlr\antlr4-runtime\4.10.1\antlr4-runtime-4.10.1.jar;C:\Users\danie\.m2\repository\org\springframework\data\spring-data-jpa\3.1.5\spring-data-jpa-3.1.5.jar;C:\Users\danie\.m2\repository\org\springframework\data\spring-data-commons\3.1.5\spring-data-commons-3.1.5.jar;C:\Users\danie\.m2\repository\org\springframework\spring-orm\6.0.13\spring-orm-6.0.13.jar;C:\Users\danie\.m2\repository\org\springframework\spring-context\6.0.13\spring-context-6.0.13.jar;C:\Users\danie\.m2\repository\org\springframework\spring-tx\6.0.13\spring-tx-6.0.13.jar;C:\Users\danie\.m2\repository\org\springframework\spring-beans\6.0.13\spring-beans-6.0.13.jar;C:\Users\danie\.m2\repository\jakarta\annotation\jakarta.annotation-api\2.1.1\jakarta.annotation-api-2.1.1.jar;C:\Users\danie\.m2\repository\org\slf4j\slf4j-api\2.0.9\slf4j-api-2.0.9.jar;C:\Users\danie\.m2\repository\org\springframework\spring-aspects\6.0.13\spring-aspects-6.0.13.jar;C:\Users\danie\.m2\repository\org\springframework\boot\spring-boot-starter-web\3.1.5\spring-boot-starter-web-3.1.5.jar;C:\Users\danie\.m2\repository\org\springframework\boot\spring-boot-starter\3.1.5\spring-boot-starter-3.1.5.jar;C:\Users\danie\.m2\repository\org\springframework\boot\spring-boot-starter-logging\3.1.5\spring-boot-starter-logging-3.1.5.jar;C:\Users\danie\.m2\repository\ch\qos\logback\logback-classic\1.4.11\logback-classic-1.4.11.jar;C:\Users\danie\.m2\repository\ch\qos\logback\logback-core\1.4.11\logback-core-1.4.11.jar;C:\Users\danie\.m2\repository\org\apache\logging\log4j\log4j-to-slf4j\2.20.0\log4j-to-slf4j-2.20.0.jar;C:\Users\danie\.m2\repository\org\apache\logging\log4j\log4j-api\2.20.0\log4j-api-2.20.0.jar;C:\Users\danie\.m2\repository\org\slf4j\jul-to-slf4j\2.0.9\jul-to-slf4j-2.0.9.jar;C:\Users\danie\.m2\repository\org\yaml\snakeyaml\1.33\snakeyaml-1.33.jar;C:\Users\danie\.m2\repository\org\springframework\boot\spring-boot-starter-json\3.1.5\spring-boot-starter-json-3.1.5.jar;C:\Users\danie\.m2\repository\com\fasterxml\jackson\core\jackson-databind\2.15.3\jackson-databind-2.15.3.jar;C:\Users\danie\.m2\repository\com\fasterxml\jackson\core\jackson-annotations\2.15.3\jackson-annotations-2.15.3.jar;C:\Users\danie\.m2\repository\com\fasterxml\jackson\core\jackson-core\2.15.3\jackson-core-2.15.3.jar;C:\Users\danie\.m2\repository\com\fasterxml\jackson\datatype\jackson-datatype-jdk8\2.15.3\jackson-datatype-jdk8-2.15.3.jar;C:\Users\danie\.m2\repository\com\fasterxml\jackson\datatype\jackson-datatype-jsr310\2.15.3\jackson-datatype-jsr310-2.15.3.jar;C:\Users\danie\.m2\repository\com\fasterxml\jackson\module\jackson-module-parameter-names\2.15.3\jackson-module-parameter-names-2.15.3.jar;C:\Users\danie\.m2\repository\org\springframework\boot\spring-boot-starter-tomcat\3.1.5\spring-boot-starter-tomcat-3.1.5.jar;C:\Users\danie\.m2\repository\org\apache\tomcat\embed\tomcat-embed-core\10.1.15\tomcat-embed-core-10.1.15.jar;C:\Users\danie\.m2\repository\org\apache\tomcat\embed\tomcat-embed-el\10.1.15\tomcat-embed-el-10.1.15.jar;C:\Users\danie\.m2\repository\org\apache\tomcat\embed\tomcat-embed-websocket\10.1.15\tomcat-embed-websocket-10.1.15.jar;C:\Users\danie\.m2\repository\org\springframework\spring-web\6.0.13\spring-web-6.0.13.jar;C:\Users\danie\.m2\repository\io\micrometer\micrometer-observation\1.11.5\micrometer-observation-1.11.5.jar;C:\Users\danie\.m2\repository\io\micrometer\micrometer-commons\1.11.5\micrometer-commons-1.11.5.jar;C:\Users\danie\.m2\repository\org\springframework\spring-webmvc\6.0.13\spring-webmvc-6.0.13.jar;C:\Users\danie\.m2\repository\org\springframework\spring-expression\6.0.13\spring-expression-6.0.13.jar;C:\Users\danie\.m2\repository\org\springframework\boot\spring-boot-starter-thymeleaf\3.1.5\spring-boot-starter-thymeleaf-3.1.5.jar;C:\Users\danie\.m2\repository\org\thymeleaf\thymeleaf-spring6\3.1.2.RELEASE\thymeleaf-spring6-3.1.2.RELEASE.jar;C:\Users\danie\.m2\repository\org\thymeleaf\thymeleaf\3.1.2.RELEASE\thymeleaf-3.1.2.RELEASE.jar;C:\Users\danie\.m2\repository\org\attoparser\attoparser\2.0.7.RELEASE\attoparser-2.0.7.RELEASE.jar;C:\Users\danie\.m2\repository\org\unbescape\unbescape\1.1.6.RELEASE\unbescape-1.1.6.RELEASE.jar;C:\Users\danie\.m2\repository\org\springframework\boot\spring-boot-devtools\3.1.5\spring-boot-devtools-3.1.5.jar;C:\Users\danie\.m2\repository\org\springframework\boot\spring-boot\3.1.5\spring-boot-3.1.5.jar;C:\Users\danie\.m2\repository\org\springframework\boot\spring-boot-autoconfigure\3.1.5\spring-boot-autoconfigure-3.1.5.jar;C:\Users\danie\.m2\repository\com\mysql\mysql-connector-j\8.0.33\mysql-connector-j-8.0.33.jar;C:\Users\danie\.m2\repository\org\springframework\boot\spring-boot-starter-test\3.1.5\spring-boot-starter-test-3.1.5.jar;C:\Users\danie\.m2\repository\org\springframework\boot\spring-boot-test\3.1.5\spring-boot-test-3.1.5.jar;C:\Users\danie\.m2\repository\org\springframework\boot\spring-boot-test-autoconfigure\3.1.5\spring-boot-test-autoconfigure-3.1.5.jar;C:\Users\danie\.m2\repository\com\jayway\jsonpath\json-path\2.8.0\json-path-2.8.0.jar;C:\Users\danie\.m2\repository\jakarta\xml\bind\jakarta.xml.bind-api\4.0.1\jakarta.xml.bind-api-4.0.1.jar;C:\Users\danie\.m2\repository\jakarta\activation\jakarta.activation-api\2.1.2\jakarta.activation-api-2.1.2.jar;C:\Users\danie\.m2\repository\net\minidev\json-smart\2.4.11\json-smart-2.4.11.jar;C:\Users\danie\.m2\repository\net\minidev\accessors-smart\2.4.11\accessors-smart-2.4.11.jar;C:\Users\danie\.m2\repository\org\ow2\asm\asm\9.3\asm-9.3.jar;C:\Users\danie\.m2\repository\org\assertj\assertj-core\3.24.2\assertj-core-3.24.2.jar;C:\Users\danie\.m2\repository\org\hamcrest\hamcrest\2.2\hamcrest-2.2.jar;C:\Users\danie\.m2\repository\org\junit\jupiter\junit-jupiter\5.9.3\junit-jupiter-5.9.3.jar;C:\Users\danie\.m2\repository\org\junit\jupiter\junit-jupiter-api\5.9.3\junit-jupiter-api-5.9.3.jar;C:\Users\danie\.m2\repository\org\opentest4j\opentest4j\1.2.0\opentest4j-1.2.0.jar;C:\Users\danie\.m2\repository\org\junit\platform\junit-platform-commons\1.9.3\junit-platform-commons-1.9.3.jar;C:\Users\danie\.m2\repository\org\apiguardian\apiguardian-api\1.1.2\apiguardian-api-1.1.2.jar;C:\Users\danie\.m2\repository\org\junit\jupiter\junit-jupiter-params\5.9.3\junit-jupiter-params-5.9.3.jar;C:\Users\danie\.m2\repository\org\junit\jupiter\junit-jupiter-engine\5.9.3\junit-jupiter-engine-5.9.3.jar;C:\Users\danie\.m2\repository\org\junit\platform\junit-platform-engine\1.9.3\junit-platform-engine-1.9.3.jar;C:\Users\danie\.m2\repository\org\mockito\mockito-core\5.3.1\mockito-core-5.3.1.jar;C:\Users\danie\.m2\repository\net\bytebuddy\byte-buddy-agent\1.14.9\byte-buddy-agent-1.14.9.jar;C:\Users\danie\.m2\repository\org\objenesis\objenesis\3.3\objenesis-3.3.jar;C:\Users\danie\.m2\repository\org\mockito\mockito-junit-jupiter\5.3.1\mockito-junit-jupiter-5.3.1.jar;C:\Users\danie\.m2\repository\org\skyscreamer\jsonassert\1.5.1\jsonassert-1.5.1.jar;C:\Users\danie\.m2\repository\com\vaadin\external\google\android-json\0.0.20131108.vaadin1\android-json-0.0.20131108.vaadin1.jar;C:\Users\danie\.m2\repository\org\springframework\spring-core\6.0.13\spring-core-6.0.13.jar;C:\Users\danie\.m2\repository\org\springframework\spring-jcl\6.0.13\spring-jcl-6.0.13.jar;C:\Users\danie\.m2\repository\org\springframework\spring-test\6.0.13\spring-test-6.0.13.jar;C:\Users\danie\.m2\repository\org\xmlunit\xmlunit-core\2.9.1\xmlunit-core-2.9.1.jar;"/>
    <property name="java.vm.vendor" value="Oracle Corporation"/>
    <property name="sun.arch.data.model" value="64"/>
    <property name="user.variant" value=""/>
    <property name="java.vendor.url" value="https://java.oracle.com/"/>
    <property name="user.timezone" value="America/New_York"/>
    <property name="org.jboss.logging.provider" value="slf4j"/>
    <property name="os.name" value="Windows 11"/>
    <property name="java.vm.specification.version" value="21"/>
    <property name="sun.java.launcher" value="SUN_STANDARD"/>
    <property name="user.country" value="US"/>
    <property name="sun.boot.library.path" value="C:\Program Files\Java\jdk-21\bin"/>
    <property name="sun.java.command" value="C:\Users\danie\AppData\Local\Temp\surefire12800991419170415588\surefirebooter-20231208165248439_3.jar C:\Users\danie\AppData\Local\Temp\surefire12800991419170415588 2023-12-08T16-52-48_305-jvmRun1 surefire-20231208165248439_1tmp surefire_0-20231208165248439_2tmp"/>
    <property name="jdk.debug" value="release"/>
    <property name="surefire.test.class.path" value="C:\Users\danie\Documents\Milestone-CST323\Milestone-MarsRoverWebApp\target\test-classes;C:\Users\danie\Documents\Milestone-CST323\Milestone-MarsRoverWebApp\target\classes;C:\Users\danie\.m2\repository\org\springframework\boot\spring-boot-starter-data-jpa\3.1.5\spring-boot-starter-data-jpa-3.1.5.jar;C:\Users\danie\.m2\repository\org\springframework\boot\spring-boot-starter-aop\3.1.5\spring-boot-starter-aop-3.1.5.jar;C:\Users\danie\.m2\repository\org\springframework\spring-aop\6.0.13\spring-aop-6.0.13.jar;C:\Users\danie\.m2\repository\org\aspectj\aspectjweaver\1.9.20\aspectjweaver-1.9.20.jar;C:\Users\danie\.m2\repository\org\springframework\boot\spring-boot-starter-jdbc\3.1.5\spring-boot-starter-jdbc-3.1.5.jar;C:\Users\danie\.m2\repository\com\zaxxer\HikariCP\5.0.1\HikariCP-5.0.1.jar;C:\Users\danie\.m2\repository\org\springframework\spring-jdbc\6.0.13\spring-jdbc-6.0.13.jar;C:\Users\danie\.m2\repository\org\hibernate\orm\hibernate-core\6.2.13.Final\hibernate-core-6.2.13.Final.jar;C:\Users\danie\.m2\repository\jakarta\persistence\jakarta.persistence-api\3.1.0\jakarta.persistence-api-3.1.0.jar;C:\Users\danie\.m2\repository\jakarta\transaction\jakarta.transaction-api\2.0.1\jakarta.transaction-api-2.0.1.jar;C:\Users\danie\.m2\repository\org\jboss\logging\jboss-logging\3.5.3.Final\jboss-logging-3.5.3.Final.jar;C:\Users\danie\.m2\repository\org\hibernate\common\hibernate-commons-annotations\6.0.6.Final\hibernate-commons-annotations-6.0.6.Final.jar;C:\Users\danie\.m2\repository\io\smallrye\jandex\3.0.5\jandex-3.0.5.jar;C:\Users\danie\.m2\repository\com\fasterxml\classmate\1.5.1\classmate-1.5.1.jar;C:\Users\danie\.m2\repository\net\bytebuddy\byte-buddy\1.14.9\byte-buddy-1.14.9.jar;C:\Users\danie\.m2\repository\org\glassfish\jaxb\jaxb-runtime\4.0.3\jaxb-runtime-4.0.3.jar;C:\Users\danie\.m2\repository\org\glassfish\jaxb\jaxb-core\4.0.3\jaxb-core-4.0.3.jar;C:\Users\danie\.m2\repository\org\eclipse\angus\angus-activation\2.0.1\angus-activation-2.0.1.jar;C:\Users\danie\.m2\repository\org\glassfish\jaxb\txw2\4.0.3\txw2-4.0.3.jar;C:\Users\danie\.m2\repository\com\sun\istack\istack-commons-runtime\4.1.2\istack-commons-runtime-4.1.2.jar;C:\Users\danie\.m2\repository\jakarta\inject\jakarta.inject-api\2.0.1\jakarta.inject-api-2.0.1.jar;C:\Users\danie\.m2\repository\org\antlr\antlr4-runtime\4.10.1\antlr4-runtime-4.10.1.jar;C:\Users\danie\.m2\repository\org\springframework\data\spring-data-jpa\3.1.5\spring-data-jpa-3.1.5.jar;C:\Users\danie\.m2\repository\org\springframework\data\spring-data-commons\3.1.5\spring-data-commons-3.1.5.jar;C:\Users\danie\.m2\repository\org\springframework\spring-orm\6.0.13\spring-orm-6.0.13.jar;C:\Users\danie\.m2\repository\org\springframework\spring-context\6.0.13\spring-context-6.0.13.jar;C:\Users\danie\.m2\repository\org\springframework\spring-tx\6.0.13\spring-tx-6.0.13.jar;C:\Users\danie\.m2\repository\org\springframework\spring-beans\6.0.13\spring-beans-6.0.13.jar;C:\Users\danie\.m2\repository\jakarta\annotation\jakarta.annotation-api\2.1.1\jakarta.annotation-api-2.1.1.jar;C:\Users\danie\.m2\repository\org\slf4j\slf4j-api\2.0.9\slf4j-api-2.0.9.jar;C:\Users\danie\.m2\repository\org\springframework\spring-aspects\6.0.13\spring-aspects-6.0.13.jar;C:\Users\danie\.m2\repository\org\springframework\boot\spring-boot-starter-web\3.1.5\spring-boot-starter-web-3.1.5.jar;C:\Users\danie\.m2\repository\org\springframework\boot\spring-boot-starter\3.1.5\spring-boot-starter-3.1.5.jar;C:\Users\danie\.m2\repository\org\springframework\boot\spring-boot-starter-logging\3.1.5\spring-boot-starter-logging-3.1.5.jar;C:\Users\danie\.m2\repository\ch\qos\logback\logback-classic\1.4.11\logback-classic-1.4.11.jar;C:\Users\danie\.m2\repository\ch\qos\logback\logback-core\1.4.11\logback-core-1.4.11.jar;C:\Users\danie\.m2\repository\org\apache\logging\log4j\log4j-to-slf4j\2.20.0\log4j-to-slf4j-2.20.0.jar;C:\Users\danie\.m2\repository\org\apache\logging\log4j\log4j-api\2.20.0\log4j-api-2.20.0.jar;C:\Users\danie\.m2\repository\org\slf4j\jul-to-slf4j\2.0.9\jul-to-slf4j-2.0.9.jar;C:\Users\danie\.m2\repository\org\yaml\snakeyaml\1.33\snakeyaml-1.33.jar;C:\Users\danie\.m2\repository\org\springframework\boot\spring-boot-starter-json\3.1.5\spring-boot-starter-json-3.1.5.jar;C:\Users\danie\.m2\repository\com\fasterxml\jackson\core\jackson-databind\2.15.3\jackson-databind-2.15.3.jar;C:\Users\danie\.m2\repository\com\fasterxml\jackson\core\jackson-annotations\2.15.3\jackson-annotations-2.15.3.jar;C:\Users\danie\.m2\repository\com\fasterxml\jackson\core\jackson-core\2.15.3\jackson-core-2.15.3.jar;C:\Users\danie\.m2\repository\com\fasterxml\jackson\datatype\jackson-datatype-jdk8\2.15.3\jackson-datatype-jdk8-2.15.3.jar;C:\Users\danie\.m2\repository\com\fasterxml\jackson\datatype\jackson-datatype-jsr310\2.15.3\jackson-datatype-jsr310-2.15.3.jar;C:\Users\danie\.m2\repository\com\fasterxml\jackson\module\jackson-module-parameter-names\2.15.3\jackson-module-parameter-names-2.15.3.jar;C:\Users\danie\.m2\repository\org\springframework\boot\spring-boot-starter-tomcat\3.1.5\spring-boot-starter-tomcat-3.1.5.jar;C:\Users\danie\.m2\repository\org\apache\tomcat\embed\tomcat-embed-core\10.1.15\tomcat-embed-core-10.1.15.jar;C:\Users\danie\.m2\repository\org\apache\tomcat\embed\tomcat-embed-el\10.1.15\tomcat-embed-el-10.1.15.jar;C:\Users\danie\.m2\repository\org\apache\tomcat\embed\tomcat-embed-websocket\10.1.15\tomcat-embed-websocket-10.1.15.jar;C:\Users\danie\.m2\repository\org\springframework\spring-web\6.0.13\spring-web-6.0.13.jar;C:\Users\danie\.m2\repository\io\micrometer\micrometer-observation\1.11.5\micrometer-observation-1.11.5.jar;C:\Users\danie\.m2\repository\io\micrometer\micrometer-commons\1.11.5\micrometer-commons-1.11.5.jar;C:\Users\danie\.m2\repository\org\springframework\spring-webmvc\6.0.13\spring-webmvc-6.0.13.jar;C:\Users\danie\.m2\repository\org\springframework\spring-expression\6.0.13\spring-expression-6.0.13.jar;C:\Users\danie\.m2\repository\org\springframework\boot\spring-boot-starter-thymeleaf\3.1.5\spring-boot-starter-thymeleaf-3.1.5.jar;C:\Users\danie\.m2\repository\org\thymeleaf\thymeleaf-spring6\3.1.2.RELEASE\thymeleaf-spring6-3.1.2.RELEASE.jar;C:\Users\danie\.m2\repository\org\thymeleaf\thymeleaf\3.1.2.RELEASE\thymeleaf-3.1.2.RELEASE.jar;C:\Users\danie\.m2\repository\org\attoparser\attoparser\2.0.7.RELEASE\attoparser-2.0.7.RELEASE.jar;C:\Users\danie\.m2\repository\org\unbescape\unbescape\1.1.6.RELEASE\unbescape-1.1.6.RELEASE.jar;C:\Users\danie\.m2\repository\org\springframework\boot\spring-boot-devtools\3.1.5\spring-boot-devtools-3.1.5.jar;C:\Users\danie\.m2\repository\org\springframework\boot\spring-boot\3.1.5\spring-boot-3.1.5.jar;C:\Users\danie\.m2\repository\org\springframework\boot\spring-boot-autoconfigure\3.1.5\spring-boot-autoconfigure-3.1.5.jar;C:\Users\danie\.m2\repository\com\mysql\mysql-connector-j\8.0.33\mysql-connector-j-8.0.33.jar;C:\Users\danie\.m2\repository\org\springframework\boot\spring-boot-starter-test\3.1.5\spring-boot-starter-test-3.1.5.jar;C:\Users\danie\.m2\repository\org\springframework\boot\spring-boot-test\3.1.5\spring-boot-test-3.1.5.jar;C:\Users\danie\.m2\repository\org\springframework\boot\spring-boot-test-autoconfigure\3.1.5\spring-boot-test-autoconfigure-3.1.5.jar;C:\Users\danie\.m2\repository\com\jayway\jsonpath\json-path\2.8.0\json-path-2.8.0.jar;C:\Users\danie\.m2\repository\jakarta\xml\bind\jakarta.xml.bind-api\4.0.1\jakarta.xml.bind-api-4.0.1.jar;C:\Users\danie\.m2\repository\jakarta\activation\jakarta.activation-api\2.1.2\jakarta.activation-api-2.1.2.jar;C:\Users\danie\.m2\repository\net\minidev\json-smart\2.4.11\json-smart-2.4.11.jar;C:\Users\danie\.m2\repository\net\minidev\accessors-smart\2.4.11\accessors-smart-2.4.11.jar;C:\Users\danie\.m2\repository\org\ow2\asm\asm\9.3\asm-9.3.jar;C:\Users\danie\.m2\repository\org\assertj\assertj-core\3.24.2\assertj-core-3.24.2.jar;C:\Users\danie\.m2\repository\org\hamcrest\hamcrest\2.2\hamcrest-2.2.jar;C:\Users\danie\.m2\repository\org\junit\jupiter\junit-jupiter\5.9.3\junit-jupiter-5.9.3.jar;C:\Users\danie\.m2\repository\org\junit\jupiter\junit-jupiter-api\5.9.3\junit-jupiter-api-5.9.3.jar;C:\Users\danie\.m2\repository\org\opentest4j\opentest4j\1.2.0\opentest4j-1.2.0.jar;C:\Users\danie\.m2\repository\org\junit\platform\junit-platform-commons\1.9.3\junit-platform-commons-1.9.3.jar;C:\Users\danie\.m2\repository\org\apiguardian\apiguardian-api\1.1.2\apiguardian-api-1.1.2.jar;C:\Users\danie\.m2\repository\org\junit\jupiter\junit-jupiter-params\5.9.3\junit-jupiter-params-5.9.3.jar;C:\Users\danie\.m2\repository\org\junit\jupiter\junit-jupiter-engine\5.9.3\junit-jupiter-engine-5.9.3.jar;C:\Users\danie\.m2\repository\org\junit\platform\junit-platform-engine\1.9.3\junit-platform-engine-1.9.3.jar;C:\Users\danie\.m2\repository\org\mockito\mockito-core\5.3.1\mockito-core-5.3.1.jar;C:\Users\danie\.m2\repository\net\bytebuddy\byte-buddy-agent\1.14.9\byte-buddy-agent-1.14.9.jar;C:\Users\danie\.m2\repository\org\objenesis\objenesis\3.3\objenesis-3.3.jar;C:\Users\danie\.m2\repository\org\mockito\mockito-junit-jupiter\5.3.1\mockito-junit-jupiter-5.3.1.jar;C:\Users\danie\.m2\repository\org\skyscreamer\jsonassert\1.5.1\jsonassert-1.5.1.jar;C:\Users\danie\.m2\repository\com\vaadin\external\google\android-json\0.0.20131108.vaadin1\android-json-0.0.20131108.vaadin1.jar;C:\Users\danie\.m2\repository\org\springframework\spring-core\6.0.13\spring-core-6.0.13.jar;C:\Users\danie\.m2\repository\org\springframework\spring-jcl\6.0.13\spring-jcl-6.0.13.jar;C:\Users\danie\.m2\repository\org\springframework\spring-test\6.0.13\spring-test-6.0.13.jar;C:\Users\danie\.m2\repository\org\xmlunit\xmlunit-core\2.9.1\xmlunit-core-2.9.1.jar;"/>
    <property name="sun.cpu.endian" value="little"/>
    <property name="user.home" value="C:\Users\danie"/>
    <property name="user.language" value="en"/>
    <property name="java.specification.vendor" value="Oracle Corporation"/>
    <property name="java.version.date" value="2023-09-19"/>
    <property name="java.home" value="C:\Program Files\Java\jdk-21"/>
    <property name="file.separator" value="\"/>
    <property name="basedir" value="C:\Users\danie\Documents\Milestone-CST323\Milestone-MarsRoverWebApp"/>
    <property name="java.vm.compressedOopsMode" value="Zero based"/>
    <property name="line.separator" value="&#10;"/>
    <property name="java.vm.specification.vendor" value="Oracle Corporation"/>
    <property name="java.specification.name" value="Java Platform API Specification"/>
    <property name="FILE_LOG_CHARSET" value="UTF-8"/>
    <property name="java.awt.headless" value="true"/>
    <property name="surefire.real.class.path" value="C:\Users\danie\AppData\Local\Temp\surefire12800991419170415588\surefirebooter-20231208165248439_3.jar"/>
    <property name="user.script" value=""/>
    <property name="sun.management.compiler" value="HotSpot 64-Bit Tiered Compilers"/>
    <property name="java.runtime.version" value="21+35-LTS-2513"/>
    <property name="user.name" value="danie"/>
    <property name="stdout.encoding" value="Cp1252"/>
    <property name="path.separator" value=";"/>
    <property name="os.version" value="10.0"/>
    <property name="java.runtime.name" value="Java(TM) SE Runtime Environment"/>
    <property name="file.encoding" value="UTF-8"/>
    <property name="java.vm.name" value="Java HotSpot(TM) 64-Bit Server VM"/>
    <property name="localRepository" value="C:\Users\danie\.m2\repository"/>
    <property name="java.vendor.url.bug" value="https://bugreport.java.com/bugreport/"/>
    <property name="java.io.tmpdir" value="C:\Users\danie\AppData\Local\Temp\"/>
    <property name="com.zaxxer.hikari.pool_number" value="1"/>
    <property name="java.version" value="21"/>
    <property name="user.dir" value="C:\Users\danie\Documents\Milestone-CST323\Milestone-MarsRoverWebApp"/>
    <property name="os.arch" value="amd64"/>
    <property name="java.vm.specification.name" value="Java Virtual Machine Specification"/>
    <property name="PID" value="2392"/>
    <property name="sun.os.patch.level" value=""/>
    <property name="CONSOLE_LOG_CHARSET" value="UTF-8"/>
    <property name="native.encoding" value="Cp1252"/>
    <property name="java.library.path" value="C:\Program Files\Java\jdk-21\bin;C:\WINDOWS\Sun\Java\bin;C:\WINDOWS\system32;C:\WINDOWS;C:\Program Files\Common Files\Oracle\Java\javapath;C:\Python311\Scripts\;C:\Python311\;C:\WINDOWS\system32;C:\WINDOWS;C:\WINDOWS\System32\Wbem;C:\WINDOWS\System32\WindowsPowerShell\v1.0\;C:\WINDOWS\System32\OpenSSH\;C:\Program Files\nodejs\;C:\ProgramData\chocolatey\bin;C:\Program Files (x86)\dotnet\;C:\Program Files\Git\cmd;C:\Program Files (x86)\Google\Cloud SDK\google-cloud-sdk\bin;C:\Program Files\Docker\Docker\resources\bin;C:\minikube;C:\Program Files\Java\apache-maven-3.9.6\bin;C:\Program Files\MySQL\MySQL Shell 8.0\bin\;C:\Users\danie\AppData\Local\Microsoft\WindowsApps;C:\Users\danie\AppData\Local\Programs\Microsoft VS Code\bin;C:\Users\danie\AppData\Roaming\npm;C:\Program Files\Java\apache-maven-3.9.6\bin;;."/>
    <property name="java.vm.info" value="mixed mode, sharing"/>
    <property name="stderr.encoding" value="Cp1252"/>
    <property name="java.vendor" value="Oracle Corporation"/>
    <property name="java.vm.version" value="21+35-LTS-2513"/>
    <property name="sun.io.unicode.encoding" value="UnicodeLittle"/>
    <property name="java.class.version" value="65.0"/>
  </properties>
  <testcase name="apiTest" classname="com.cst323.NASAApiTest" time="1.121">
    <system-out><![CDATA[MarsRoverApiResponse [photos=[MarsPhoto [id=2096, sol=2, camera=com.cst323.response.MarsCamera@347f0950, imgSrc=http://mars.jpl.nasa.gov/msl-raw-images/proj/msl/redops/ods/surface/sol/00002/opgs/edr/ncam/NLA_397671934EDR_F0010008AUT_04096M_.JPG, earthDate=2012-08-08], MarsPhoto [id=2673, sol=2, camera=com.cst323.response.MarsCamera@3c20abd6, imgSrc=http://mars.jpl.nasa.gov/msl-raw-images/proj/msl/redops/ods/surface/sol/00002/opgs/edr/ncam/NRA_397681339EDR_F0020000AUT_04096M_.JPG, earthDate=2012-08-08], MarsPhoto [id=32407, sol=2, camera=com.cst323.response.MarsCamera@7cd2d3b6, imgSrc=http://mars.jpl.nasa.gov/msl-raw-images/proj/msl/redops/ods/surface/sol/00002/opgs/edr/ncam/NLA_397682534EDR_F0020000AUT_04096M_.JPG, earthDate=2012-08-08], MarsPhoto [id=32408, sol=2, camera=com.cst323.response.MarsCamera@7f922523, imgSrc=http://mars.jpl.nasa.gov/msl-raw-images/proj/msl/redops/ods/surface/sol/00002/opgs/edr/ncam/NLA_397682493EDR_F0020000AUT_04096M_.JPG, earthDate=2012-08-08], MarsPhoto [id=32409, sol=2, camera=com.cst323.response.MarsCamera@1509bd56, imgSrc=http://mars.jpl.nasa.gov/msl-raw-images/proj/msl/redops/ods/surface/sol/00002/opgs/edr/ncam/NLA_397682462EDR_F0020000AUT_04096M_.JPG, earthDate=2012-08-08], MarsPhoto [id=32410, sol=2, camera=com.cst323.response.MarsCamera@2c4eda3a, imgSrc=http://mars.jpl.nasa.gov/msl-raw-images/proj/msl/redops/ods/surface/sol/00002/opgs/edr/ncam/NLA_397682428EDR_F0020000AUT_04096M_.JPG, earthDate=2012-08-08], MarsPhoto [id=32411, sol=2, camera=com.cst323.response.MarsCamera@466bf366, imgSrc=http://mars.jpl.nasa.gov/msl-raw-images/proj/msl/redops/ods/surface/sol/00002/opgs/edr/ncam/NLA_397682394EDR_F0020000AUT_04096M_.JPG, earthDate=2012-08-08], MarsPhoto [id=32412, sol=2, camera=com.cst323.response.MarsCamera@28be7db5, imgSrc=http://mars.jpl.nasa.gov/msl-raw-images/proj/msl/redops/ods/surface/sol/00002/opgs/edr/ncam/NLA_397682347EDR_F0020000AUT_04096M_.JPG, earthDate=2012-08-08], MarsPhoto [id=32413, sol=2, camera=com.cst323.response.MarsCamera@700596f9, imgSrc=http://mars.jpl.nasa.gov/msl-raw-images/proj/msl/redops/ods/surface/sol/00002/opgs/edr/ncam/NLA_397682316EDR_F0020000AUT_04096M_.JPG, earthDate=2012-08-08], MarsPhoto [id=32414, sol=2, camera=com.cst323.response.MarsCamera@2ac00dc9, imgSrc=http://mars.jpl.nasa.gov/msl-raw-images/proj/msl/redops/ods/surface/sol/00002/opgs/edr/ncam/NLA_397682285EDR_F0020000AUT_04096M_.JPG, earthDate=2012-08-08], MarsPhoto [id=32415, sol=2, camera=com.cst323.response.MarsCamera@33293b34, imgSrc=http://mars.jpl.nasa.gov/msl-raw-images/proj/msl/redops/ods/surface/sol/00002/opgs/edr/ncam/NLA_397682254EDR_F0020000AUT_04096M_.JPG, earthDate=2012-08-08], MarsPhoto [id=32416, sol=2, camera=com.cst323.response.MarsCamera@68a1bb31, imgSrc=http://mars.jpl.nasa.gov/msl-raw-images/proj/msl/redops/ods/surface/sol/00002/opgs/edr/ncam/NLA_397682223EDR_F0020000AUT_04096M_.JPG, earthDate=2012-08-08], MarsPhoto [id=32417, sol=2, camera=com.cst323.response.MarsCamera@344f4a82, imgSrc=http://mars.jpl.nasa.gov/msl-raw-images/proj/msl/redops/ods/surface/sol/00002/opgs/edr/ncam/NLA_397682189EDR_F0020000AUT_04096M_.JPG, earthDate=2012-08-08], MarsPhoto [id=32418, sol=2, camera=com.cst323.response.MarsCamera@1ecbb787, imgSrc=http://mars.jpl.nasa.gov/msl-raw-images/proj/msl/redops/ods/surface/sol/00002/opgs/edr/ncam/NLA_397682152EDR_F0020000AUT_04096M_.JPG, earthDate=2012-08-08], MarsPhoto [id=32419, sol=2, camera=com.cst323.response.MarsCamera@6441cff1, imgSrc=http://mars.jpl.nasa.gov/msl-raw-images/proj/msl/redops/ods/surface/sol/00002/opgs/edr/ncam/NLA_397682119EDR_F0020000AUT_04096M_.JPG, earthDate=2012-08-08], MarsPhoto [id=32420, sol=2, camera=com.cst323.response.MarsCamera@1dc987b, imgSrc=http://mars.jpl.nasa.gov/msl-raw-images/proj/msl/redops/ods/surface/sol/00002/opgs/edr/ncam/NLA_397682034EDR_F0020000AUT_04096M_.JPG, earthDate=2012-08-08], MarsPhoto [id=32421, sol=2, camera=com.cst323.response.MarsCamera@4f09d998, imgSrc=http://mars.jpl.nasa.gov/msl-raw-images/proj/msl/redops/ods/surface/sol/00002/opgs/edr/ncam/NLA_397681999EDR_F0020000AUT_04096M_.JPG, earthDate=2012-08-08], MarsPhoto [id=32422, sol=2, camera=com.cst323.response.MarsCamera@cbd3871, imgSrc=http://mars.jpl.nasa.gov/msl-raw-images/proj/msl/redops/ods/surface/sol/00002/opgs/edr/ncam/NLA_397681967EDR_F0020000AUT_04096M_.JPG, earthDate=2012-08-08], MarsPhoto [id=32423, sol=2, camera=com.cst323.response.MarsCamera@66694050, imgSrc=http://mars.jpl.nasa.gov/msl-raw-images/proj/msl/redops/ods/surface/sol/00002/opgs/edr/ncam/NLA_397681941EDR_F0020000AUT_04096M_.JPG, earthDate=2012-08-08], MarsPhoto [id=32424, sol=2, camera=com.cst323.response.MarsCamera@39303a6, imgSrc=http://mars.jpl.nasa.gov/msl-raw-images/proj/msl/redops/ods/surface/sol/00002/opgs/edr/ncam/NLA_397681917EDR_F0020000AUT_04096M_.JPG, earthDate=2012-08-08], MarsPhoto [id=32425, sol=2, camera=com.cst323.response.MarsCamera@2d7df55, imgSrc=http://mars.jpl.nasa.gov/msl-raw-images/proj/msl/redops/ods/surface/sol/00002/opgs/edr/ncam/NLA_397681893EDR_F0020000AUT_04096M_.JPG, earthDate=2012-08-08], MarsPhoto [id=32426, sol=2, camera=com.cst323.response.MarsCamera@674c01ce, imgSrc=http://mars.jpl.nasa.gov/msl-raw-images/proj/msl/redops/ods/surface/sol/00002/opgs/edr/ncam/NLA_397681867EDR_F0020000AUT_04096M_.JPG, earthDate=2012-08-08], MarsPhoto [id=32427, sol=2, camera=com.cst323.response.MarsCamera@4b8ba6b7, imgSrc=http://mars.jpl.nasa.gov/msl-raw-images/proj/msl/redops/ods/surface/sol/00002/opgs/edr/ncam/NLA_397681834EDR_F0020000AUT_04096M_.JPG, earthDate=2012-08-08], MarsPhoto [id=32428, sol=2, camera=com.cst323.response.MarsCamera@509e0253, imgSrc=http://mars.jpl.nasa.gov/msl-raw-images/proj/msl/redops/ods/surface/sol/00002/opgs/edr/ncam/NLA_397681801EDR_F0020000AUT_04096M_.JPG, earthDate=2012-08-08], MarsPhoto [id=32429, sol=2, camera=com.cst323.response.MarsCamera@6c8f5262, imgSrc=http://mars.jpl.nasa.gov/msl-raw-images/proj/msl/redops/ods/surface/sol/00002/opgs/edr/ncam/NLA_397681768EDR_F0020000AUT_04096M_.JPG, earthDate=2012-08-08], MarsPhoto [id=32430, sol=2, camera=com.cst323.response.MarsCamera@6bca6c4c, imgSrc=http://mars.jpl.nasa.gov/msl-raw-images/proj/msl/redops/ods/surface/sol/00002/opgs/edr/ncam/NLA_397681736EDR_F0020000AUT_04096M_.JPG, earthDate=2012-08-08], MarsPhoto [id=32431, sol=2, camera=com.cst323.response.MarsCamera@7de2c19c, imgSrc=http://mars.jpl.nasa.gov/msl-raw-images/proj/msl/redops/ods/surface/sol/00002/opgs/edr/ncam/NLA_397681703EDR_F0020000AUT_04096M_.JPG, earthDate=2012-08-08], MarsPhoto [id=32432, sol=2, camera=com.cst323.response.MarsCamera@5dcec8e9, imgSrc=http://mars.jpl.nasa.gov/msl-raw-images/proj/msl/redops/ods/surface/sol/00002/opgs/edr/ncam/NLA_397681619EDR_F0020000AUT_04096M_.JPG, earthDate=2012-08-08], MarsPhoto [id=32433, sol=2, camera=com.cst323.response.MarsCamera@4bc49d70, imgSrc=http://mars.jpl.nasa.gov/msl-raw-images/proj/msl/redops/ods/surface/sol/00002/opgs/edr/ncam/NLA_397681586EDR_F0020000AUT_04096M_.JPG, earthDate=2012-08-08], MarsPhoto [id=32434, sol=2, camera=com.cst323.response.MarsCamera@73543048, imgSrc=http://mars.jpl.nasa.gov/msl-raw-images/proj/msl/redops/ods/surface/sol/00002/opgs/edr/ncam/NLA_397681553EDR_F0020000AUT_04096M_.JPG, earthDate=2012-08-08], MarsPhoto [id=32435, sol=2, camera=com.cst323.response.MarsCamera@1851f19f, imgSrc=http://mars.jpl.nasa.gov/msl-raw-images/proj/msl/redops/ods/surface/sol/00002/opgs/edr/ncam/NLA_397681520EDR_F0020000AUT_04096M_.JPG, earthDate=2012-08-08], MarsPhoto [id=32436, sol=2, camera=com.cst323.response.MarsCamera@33f3ebfc, imgSrc=http://mars.jpl.nasa.gov/msl-raw-images/proj/msl/redops/ods/surface/sol/00002/opgs/edr/ncam/NLA_397681486EDR_F0020000AUT_04096M_.JPG, earthDate=2012-08-08], MarsPhoto [id=32437, sol=2, camera=com.cst323.response.MarsCamera@5cb3cfef, imgSrc=http://mars.jpl.nasa.gov/msl-raw-images/proj/msl/redops/ods/surface/sol/00002/opgs/edr/ncam/NLA_397681455EDR_F0020000AUT_04096M_.JPG, earthDate=2012-08-08], MarsPhoto [id=32438, sol=2, camera=com.cst323.response.MarsCamera@eb77241, imgSrc=http://mars.jpl.nasa.gov/msl-raw-images/proj/msl/redops/ods/surface/sol/00002/opgs/edr/ncam/NLA_397681429EDR_F0020000AUT_04096M_.JPG, earthDate=2012-08-08], MarsPhoto [id=32439, sol=2, camera=com.cst323.response.MarsCamera@197da701, imgSrc=http://mars.jpl.nasa.gov/msl-raw-images/proj/msl/redops/ods/surface/sol/00002/opgs/edr/ncam/NLA_397681398EDR_F0020000AUT_04096M_.JPG, earthDate=2012-08-08], MarsPhoto [id=32440, sol=2, camera=com.cst323.response.MarsCamera@35fd03d9, imgSrc=http://mars.jpl.nasa.gov/msl-raw-images/proj/msl/redops/ods/surface/sol/00002/opgs/edr/ncam/NLA_397681372EDR_F0020000AUT_04096M_.JPG, earthDate=2012-08-08], MarsPhoto [id=32441, sol=2, camera=com.cst323.response.MarsCamera@77737e3e, imgSrc=http://mars.jpl.nasa.gov/msl-raw-images/proj/msl/redops/ods/surface/sol/00002/opgs/edr/ncam/NLA_397681339EDR_F0020000AUT_04096M_.JPG, earthDate=2012-08-08], MarsPhoto [id=32442, sol=2, camera=com.cst323.response.MarsCamera@42e32feb, imgSrc=http://mars.jpl.nasa.gov/msl-raw-images/proj/msl/redops/ods/surface/sol/00002/opgs/edr/ncam/NLA_397673010EDR_F0010008AUT_04096M_.JPG, earthDate=2012-08-08], MarsPhoto [id=32443, sol=2, camera=com.cst323.response.MarsCamera@3652dd19, imgSrc=http://mars.jpl.nasa.gov/msl-raw-images/proj/msl/redops/ods/surface/sol/00002/opgs/edr/ncam/NLA_397672951EDR_F0010008AUT_04096M_.JPG, earthDate=2012-08-08], MarsPhoto [id=32444, sol=2, camera=com.cst323.response.MarsCamera@6b6cf3c1, imgSrc=http://mars.jpl.nasa.gov/msl-raw-images/proj/msl/redops/ods/surface/sol/00002/opgs/edr/ncam/NLA_397671964EDR_F0010008AUT_04096M_.JPG, earthDate=2012-08-08], MarsPhoto [id=49167, sol=2, camera=com.cst323.response.MarsCamera@702e21c, imgSrc=http://mars.jpl.nasa.gov/msl-raw-images/proj/msl/redops/ods/surface/sol/00002/opgs/edr/ncam/NRA_397682534EDR_F0020000AUT_04096M_.JPG, earthDate=2012-08-08], MarsPhoto [id=49168, sol=2, camera=com.cst323.response.MarsCamera@5c450960, imgSrc=http://mars.jpl.nasa.gov/msl-raw-images/proj/msl/redops/ods/surface/sol/00002/opgs/edr/ncam/NRA_397682493EDR_F0020000AUT_04096M_.JPG, earthDate=2012-08-08], MarsPhoto [id=49169, sol=2, camera=com.cst323.response.MarsCamera@7c5fbde4, imgSrc=http://mars.jpl.nasa.gov/msl-raw-images/proj/msl/redops/ods/surface/sol/00002/opgs/edr/ncam/NRA_397682462EDR_F0020000AUT_04096M_.JPG, earthDate=2012-08-08], MarsPhoto [id=49170, sol=2, camera=com.cst323.response.MarsCamera@7021bb55, imgSrc=http://mars.jpl.nasa.gov/msl-raw-images/proj/msl/redops/ods/surface/sol/00002/opgs/edr/ncam/NRA_397682428EDR_F0020000AUT_04096M_.JPG, earthDate=2012-08-08], MarsPhoto [id=49171, sol=2, camera=com.cst323.response.MarsCamera@6023b54f, imgSrc=http://mars.jpl.nasa.gov/msl-raw-images/proj/msl/redops/ods/surface/sol/00002/opgs/edr/ncam/NRA_397682394EDR_F0020000AUT_04096M_.JPG, earthDate=2012-08-08], MarsPhoto [id=49172, sol=2, camera=com.cst323.response.MarsCamera@14d9ae22, imgSrc=http://mars.jpl.nasa.gov/msl-raw-images/proj/msl/redops/ods/surface/sol/00002/opgs/edr/ncam/NRA_397682347EDR_F0020000AUT_04096M_.JPG, earthDate=2012-08-08], MarsPhoto [id=49173, sol=2, camera=com.cst323.response.MarsCamera@15e881c0, imgSrc=http://mars.jpl.nasa.gov/msl-raw-images/proj/msl/redops/ods/surface/sol/00002/opgs/edr/ncam/NRA_397682316EDR_F0020000AUT_04096M_.JPG, earthDate=2012-08-08], MarsPhoto [id=49174, sol=2, camera=com.cst323.response.MarsCamera@68ee7b3b, imgSrc=http://mars.jpl.nasa.gov/msl-raw-images/proj/msl/redops/ods/surface/sol/00002/opgs/edr/ncam/NRA_397682285EDR_F0020000AUT_04096M_.JPG, earthDate=2012-08-08], MarsPhoto [id=49175, sol=2, camera=com.cst323.response.MarsCamera@159a32a4, imgSrc=http://mars.jpl.nasa.gov/msl-raw-images/proj/msl/redops/ods/surface/sol/00002/opgs/edr/ncam/NRA_397682254EDR_F0020000AUT_04096M_.JPG, earthDate=2012-08-08], MarsPhoto [id=49176, sol=2, camera=com.cst323.response.MarsCamera@4ceb368b, imgSrc=http://mars.jpl.nasa.gov/msl-raw-images/proj/msl/redops/ods/surface/sol/00002/opgs/edr/ncam/NRA_397682223EDR_F0020000AUT_04096M_.JPG, earthDate=2012-08-08], MarsPhoto [id=49177, sol=2, camera=com.cst323.response.MarsCamera@1ddc5857, imgSrc=http://mars.jpl.nasa.gov/msl-raw-images/proj/msl/redops/ods/surface/sol/00002/opgs/edr/ncam/NRA_397682189EDR_F0020000AUT_04096M_.JPG, earthDate=2012-08-08], MarsPhoto [id=49178, sol=2, camera=com.cst323.response.MarsCamera@6f0df74, imgSrc=http://mars.jpl.nasa.gov/msl-raw-images/proj/msl/redops/ods/surface/sol/00002/opgs/edr/ncam/NRA_397682152EDR_F0020000AUT_04096M_.JPG, earthDate=2012-08-08], MarsPhoto [id=49179, sol=2, camera=com.cst323.response.MarsCamera@42bbd21c, imgSrc=http://mars.jpl.nasa.gov/msl-raw-images/proj/msl/redops/ods/surface/sol/00002/opgs/edr/ncam/NRA_397682119EDR_F0020000AUT_04096M_.JPG, earthDate=2012-08-08], MarsPhoto [id=49180, sol=2, camera=com.cst323.response.MarsCamera@57f1fbae, imgSrc=http://mars.jpl.nasa.gov/msl-raw-images/proj/msl/redops/ods/surface/sol/00002/opgs/edr/ncam/NRA_397682034EDR_F0020000AUT_04096M_.JPG, earthDate=2012-08-08], MarsPhoto [id=49181, sol=2, camera=com.cst323.response.MarsCamera@28901fe7, imgSrc=http://mars.jpl.nasa.gov/msl-raw-images/proj/msl/redops/ods/surface/sol/00002/opgs/edr/ncam/NRA_397681999EDR_F0020000AUT_04096M_.JPG, earthDate=2012-08-08], MarsPhoto [id=49182, sol=2, camera=com.cst323.response.MarsCamera@289b7efe, imgSrc=http://mars.jpl.nasa.gov/msl-raw-images/proj/msl/redops/ods/surface/sol/00002/opgs/edr/ncam/NRA_397681967EDR_F0020000AUT_04096M_.JPG, earthDate=2012-08-08], MarsPhoto [id=49183, sol=2, camera=com.cst323.response.MarsCamera@34ac72c3, imgSrc=http://mars.jpl.nasa.gov/msl-raw-images/proj/msl/redops/ods/surface/sol/00002/opgs/edr/ncam/NRA_397681941EDR_F0020000AUT_04096M_.JPG, earthDate=2012-08-08], MarsPhoto [id=49184, sol=2, camera=com.cst323.response.MarsCamera@6cd8c373, imgSrc=http://mars.jpl.nasa.gov/msl-raw-images/proj/msl/redops/ods/surface/sol/00002/opgs/edr/ncam/NRA_397681917EDR_F0020000AUT_04096M_.JPG, earthDate=2012-08-08], MarsPhoto [id=49185, sol=2, camera=com.cst323.response.MarsCamera@449f9628, imgSrc=http://mars.jpl.nasa.gov/msl-raw-images/proj/msl/redops/ods/surface/sol/00002/opgs/edr/ncam/NRA_397681893EDR_F0020000AUT_04096M_.JPG, earthDate=2012-08-08], MarsPhoto [id=49186, sol=2, camera=com.cst323.response.MarsCamera@37806ccb, imgSrc=http://mars.jpl.nasa.gov/msl-raw-images/proj/msl/redops/ods/surface/sol/00002/opgs/edr/ncam/NRA_397681867EDR_F0020000AUT_04096M_.JPG, earthDate=2012-08-08], MarsPhoto [id=49187, sol=2, camera=com.cst323.response.MarsCamera@606d2a92, imgSrc=http://mars.jpl.nasa.gov/msl-raw-images/proj/msl/redops/ods/surface/sol/00002/opgs/edr/ncam/NRA_397681834EDR_F0020000AUT_04096M_.JPG, earthDate=2012-08-08], MarsPhoto [id=49188, sol=2, camera=com.cst323.response.MarsCamera@4a84beb7, imgSrc=http://mars.jpl.nasa.gov/msl-raw-images/proj/msl/redops/ods/surface/sol/00002/opgs/edr/ncam/NRA_397681801EDR_F0020000AUT_04096M_.JPG, earthDate=2012-08-08], MarsPhoto [id=49189, sol=2, camera=com.cst323.response.MarsCamera@72924f19, imgSrc=http://mars.jpl.nasa.gov/msl-raw-images/proj/msl/redops/ods/surface/sol/00002/opgs/edr/ncam/NRA_397681768EDR_F0020000AUT_04096M_.JPG, earthDate=2012-08-08], MarsPhoto [id=49190, sol=2, camera=com.cst323.response.MarsCamera@46c093b4, imgSrc=http://mars.jpl.nasa.gov/msl-raw-images/proj/msl/redops/ods/surface/sol/00002/opgs/edr/ncam/NRA_397681736EDR_F0020000AUT_04096M_.JPG, earthDate=2012-08-08], MarsPhoto [id=49191, sol=2, camera=com.cst323.response.MarsCamera@4ff00844, imgSrc=http://mars.jpl.nasa.gov/msl-raw-images/proj/msl/redops/ods/surface/sol/00002/opgs/edr/ncam/NRA_397681703EDR_F0020000AUT_04096M_.JPG, earthDate=2012-08-08], MarsPhoto [id=49192, sol=2, camera=com.cst323.response.MarsCamera@20ee660b, imgSrc=http://mars.jpl.nasa.gov/msl-raw-images/proj/msl/redops/ods/surface/sol/00002/opgs/edr/ncam/NRA_397681619EDR_F0020000AUT_04096M_.JPG, earthDate=2012-08-08], MarsPhoto [id=49193, sol=2, camera=com.cst323.response.MarsCamera@40e41f88, imgSrc=http://mars.jpl.nasa.gov/msl-raw-images/proj/msl/redops/ods/surface/sol/00002/opgs/edr/ncam/NRA_397681586EDR_F0020000AUT_04096M_.JPG, earthDate=2012-08-08], MarsPhoto [id=49194, sol=2, camera=com.cst323.response.MarsCamera@27b7913, imgSrc=http://mars.jpl.nasa.gov/msl-raw-images/proj/msl/redops/ods/surface/sol/00002/opgs/edr/ncam/NRA_397681553EDR_F0020000AUT_04096M_.JPG, earthDate=2012-08-08], MarsPhoto [id=49195, sol=2, camera=com.cst323.response.MarsCamera@4d86f330, imgSrc=http://mars.jpl.nasa.gov/msl-raw-images/proj/msl/redops/ods/surface/sol/00002/opgs/edr/ncam/NRA_397681520EDR_F0020000AUT_04096M_.JPG, earthDate=2012-08-08], MarsPhoto [id=49196, sol=2, camera=com.cst323.response.MarsCamera@1e8b0ab5, imgSrc=http://mars.jpl.nasa.gov/msl-raw-images/proj/msl/redops/ods/surface/sol/00002/opgs/edr/ncam/NRA_397681486EDR_F0020000AUT_04096M_.JPG, earthDate=2012-08-08], MarsPhoto [id=49197, sol=2, camera=com.cst323.response.MarsCamera@7ef34eb3, imgSrc=http://mars.jpl.nasa.gov/msl-raw-images/proj/msl/redops/ods/surface/sol/00002/opgs/edr/ncam/NRA_397681455EDR_F0020000AUT_04096M_.JPG, earthDate=2012-08-08], MarsPhoto [id=49198, sol=2, camera=com.cst323.response.MarsCamera@2719139f, imgSrc=http://mars.jpl.nasa.gov/msl-raw-images/proj/msl/redops/ods/surface/sol/00002/opgs/edr/ncam/NRA_397681429EDR_F0020000AUT_04096M_.JPG, earthDate=2012-08-08], MarsPhoto [id=49199, sol=2, camera=com.cst323.response.MarsCamera@5dfc7b3f, imgSrc=http://mars.jpl.nasa.gov/msl-raw-images/proj/msl/redops/ods/surface/sol/00002/opgs/edr/ncam/NRA_397681398EDR_F0020000AUT_04096M_.JPG, earthDate=2012-08-08], MarsPhoto [id=49200, sol=2, camera=com.cst323.response.MarsCamera@1b641c97, imgSrc=http://mars.jpl.nasa.gov/msl-raw-images/proj/msl/redops/ods/surface/sol/00002/opgs/edr/ncam/NRA_397681372EDR_F0020000AUT_04096M_.JPG, earthDate=2012-08-08]]]
]]></system-out>
  </testcase>
</testsuite>